<?xml version="1.0" encoding="UTF-8" standalone="no"?>
<!DOCTYPE log SYSTEM "logger.dtd">
<log>
<record>
  <date>2015-08-25T16:45:07</date>
  <millis>1440513907215</millis>
  <sequence>0</sequence>
  <logger>com.pi4j.util.NativeLibraryLoader</logger>
  <level>FINE</level>
  <class>com.pi4j.util.NativeLibraryLoader</class>
  <method>load</method>
  <thread>1</thread>
  <message>Attempting to load [libpi4j.so] using path: [/lib/libpi4j.so]</message>
</record>
<record>
  <date>2015-08-25T16:45:07</date>
  <millis>1440513907245</millis>
  <sequence>1</sequence>
  <logger>com.pi4j.util.NativeLibraryLoader</logger>
  <level>SEVERE</level>
  <class>com.pi4j.util.NativeLibraryLoader</class>
  <method>load</method>
  <thread>1</thread>
  <message>Unable to load [libpi4j.so] using path: [/lib/libpi4j.so]</message>
  <exception>
    <message>java.lang.UnsatisfiedLinkError: /tmp/libpi4j6983808375353734928.so: /tmp/libpi4j6983808375353734928.so: mauvaise classe ELF : ELFCLASS32 (Possible cause: architecture word width mismatch)</message>
    <frame>
      <class>java.lang.ClassLoader$NativeLibrary</class>
      <method>load</method>
    </frame>
    <frame>
      <class>java.lang.ClassLoader</class>
      <method>loadLibrary0</method>
      <line>1938</line>
    </frame>
    <frame>
      <class>java.lang.ClassLoader</class>
      <method>loadLibrary</method>
      <line>1821</line>
    </frame>
    <frame>
      <class>java.lang.Runtime</class>
      <method>load0</method>
      <line>809</line>
    </frame>
    <frame>
      <class>java.lang.System</class>
      <method>load</method>
      <line>1086</line>
    </frame>
    <frame>
      <class>com.pi4j.util.NativeLibraryLoader</class>
      <method>loadLibraryFromClasspath</method>
      <line>143</line>
    </frame>
    <frame>
      <class>com.pi4j.util.NativeLibraryLoader</class>
      <method>load</method>
      <line>92</line>
    </frame>
    <frame>
      <class>com.pi4j.wiringpi.Gpio</class>
      <method>&lt;clinit&gt;</method>
      <line>174</line>
    </frame>
    <frame>
      <class>com.pi4j.io.gpio.RaspiGpioProvider</class>
      <method>&lt;init&gt;</method>
      <line>64</line>
    </frame>
    <frame>
      <class>com.pi4j.io.gpio.RaspiGpioProvider</class>
      <method>&lt;init&gt;</method>
      <line>51</line>
    </frame>
    <frame>
      <class>com.pi4j.io.gpio.GpioFactory</class>
      <method>getDefaultProvider</method>
      <line>106</line>
    </frame>
    <frame>
      <class>com.pi4j.io.gpio.impl.GpioControllerImpl</class>
      <method>&lt;init&gt;</method>
      <line>54</line>
    </frame>
    <frame>
      <class>com.pi4j.io.gpio.GpioFactory</class>
      <method>getInstance</method>
      <line>89</line>
    </frame>
    <frame>
      <class>org.xmsu.service.impl.GpioServiceImpl</class>
      <method>&lt;init&gt;</method>
      <line>14</line>
    </frame>
    <frame>
      <class>sun.reflect.NativeConstructorAccessorImpl</class>
      <method>newInstance0</method>
    </frame>
    <frame>
      <class>sun.reflect.NativeConstructorAccessorImpl</class>
      <method>newInstance</method>
      <line>62</line>
    </frame>
    <frame>
      <class>sun.reflect.DelegatingConstructorAccessorImpl</class>
      <method>newInstance</method>
      <line>45</line>
    </frame>
    <frame>
      <class>java.lang.reflect.Constructor</class>
      <method>newInstance</method>
      <line>422</line>
    </frame>
    <frame>
      <class>org.springframework.beans.BeanUtils</class>
      <method>instantiateClass</method>
      <line>147</line>
    </frame>
    <frame>
      <class>org.springframework.beans.factory.support.SimpleInstantiationStrategy</class>
      <method>instantiate</method>
      <line>89</line>
    </frame>
    <frame>
      <class>org.springframework.beans.factory.support.AbstractAutowireCapableBeanFactory</class>
      <method>instantiateBean</method>
      <line>1098</line>
    </frame>
    <frame>
      <class>org.springframework.beans.factory.support.AbstractAutowireCapableBeanFactory</class>
      <method>createBeanInstance</method>
      <line>1050</line>
    </frame>
    <frame>
      <class>org.springframework.beans.factory.support.AbstractAutowireCapableBeanFactory</class>
      <method>doCreateBean</method>
      <line>510</line>
    </frame>
    <frame>
      <class>org.springframework.beans.factory.support.AbstractAutowireCapableBeanFactory</class>
      <method>createBean</method>
      <line>482</line>
    </frame>
    <frame>
      <class>org.springframework.beans.factory.support.AbstractBeanFactory$1</class>
      <method>getObject</method>
      <line>305</line>
    </frame>
    <frame>
      <class>org.springframework.beans.factory.support.DefaultSingletonBeanRegistry</class>
      <method>getSingleton</method>
      <line>230</line>
    </frame>
    <frame>
      <class>org.springframework.beans.factory.support.AbstractBeanFactory</class>
      <method>doGetBean</method>
      <line>301</line>
    </frame>
    <frame>
      <class>org.springframework.beans.factory.support.AbstractBeanFactory</class>
      <method>getBean</method>
      <line>196</line>
    </frame>
    <frame>
      <class>org.springframework.beans.factory.support.DefaultListableBeanFactory</class>
      <method>findAutowireCandidates</method>
      <line>1145</line>
    </frame>
    <frame>
      <class>org.springframework.beans.factory.support.DefaultListableBeanFactory</class>
      <method>doResolveDependency</method>
      <line>1069</line>
    </frame>
    <frame>
      <class>org.springframework.beans.factory.support.DefaultListableBeanFactory</class>
      <method>resolveDependency</method>
      <line>967</line>
    </frame>
    <frame>
      <class>org.springframework.beans.factory.annotation.AutowiredAnnotationBeanPostProcessor$AutowiredFieldElement</class>
      <method>inject</method>
      <line>543</line>
    </frame>
    <frame>
      <class>org.springframework.beans.factory.annotation.InjectionMetadata</class>
      <method>inject</method>
      <line>88</line>
    </frame>
    <frame>
      <class>org.springframework.beans.factory.annotation.AutowiredAnnotationBeanPostProcessor</class>
      <method>postProcessPropertyValues</method>
      <line>331</line>
    </frame>
    <frame>
      <class>org.springframework.beans.factory.support.AbstractAutowireCapableBeanFactory</class>
      <method>populateBean</method>
      <line>1214</line>
    </frame>
    <frame>
      <class>org.springframework.beans.factory.support.AbstractAutowireCapableBeanFactory</class>
      <method>doCreateBean</method>
      <line>543</line>
    </frame>
    <frame>
      <class>org.springframework.beans.factory.support.AbstractAutowireCapableBeanFactory</class>
      <method>createBean</method>
      <line>482</line>
    </frame>
    <frame>
      <class>org.springframework.beans.factory.support.AbstractBeanFactory$1</class>
      <method>getObject</method>
      <line>305</line>
    </frame>
    <frame>
      <class>org.springframework.beans.factory.support.DefaultSingletonBeanRegistry</class>
      <method>getSingleton</method>
      <line>230</line>
    </frame>
    <frame>
      <class>org.springframework.beans.factory.support.AbstractBeanFactory</class>
      <method>doGetBean</method>
      <line>301</line>
    </frame>
    <frame>
      <class>org.springframework.beans.factory.support.AbstractBeanFactory</class>
      <method>getBean</method>
      <line>196</line>
    </frame>
    <frame>
      <class>org.springframework.beans.factory.support.DefaultListableBeanFactory</class>
      <method>preInstantiateSingletons</method>
      <line>772</line>
    </frame>
    <frame>
      <class>org.springframework.context.support.AbstractApplicationContext</class>
      <method>finishBeanFactoryInitialization</method>
      <line>757</line>
    </frame>
    <frame>
      <class>org.springframework.context.support.AbstractApplicationContext</class>
      <method>refresh</method>
      <line>480</line>
    </frame>
    <frame>
      <class>org.springframework.boot.SpringApplication</class>
      <method>refresh</method>
      <line>686</line>
    </frame>
    <frame>
      <class>org.springframework.boot.SpringApplication</class>
      <method>run</method>
      <line>320</line>
    </frame>
    <frame>
      <class>org.springframework.boot.SpringApplication</class>
      <method>run</method>
      <line>957</line>
    </frame>
    <frame>
      <class>org.springframework.boot.SpringApplication</class>
      <method>run</method>
      <line>946</line>
    </frame>
    <frame>
      <class>org.xmsu.Application</class>
      <method>main</method>
      <line>23</line>
    </frame>
    <frame>
      <class>sun.reflect.NativeMethodAccessorImpl</class>
      <method>invoke0</method>
    </frame>
    <frame>
      <class>sun.reflect.NativeMethodAccessorImpl</class>
      <method>invoke</method>
      <line>62</line>
    </frame>
    <frame>
      <class>sun.reflect.DelegatingMethodAccessorImpl</class>
      <method>invoke</method>
      <line>43</line>
    </frame>
    <frame>
      <class>java.lang.reflect.Method</class>
      <method>invoke</method>
      <line>497</line>
    </frame>
    <frame>
      <class>com.intellij.rt.execution.application.AppMain</class>
      <method>main</method>
      <line>140</line>
    </frame>
  </exception>
</record>
</log>
